Looking for git in: git
Using git 2.25.1 from git
> git rev-parse --show-toplevel
> git rev-parse --git-dir
Open repository: /opt/lampp/htdocs/ppdb
> git status -z -u
> git symbolic-ref --short HEAD
> git rev-parse master
> git rev-parse --symbolic-full-name master@{u}
fatal: no upstream configured for branch 'master'
> git for-each-ref --format %(refname) %(objectname) --sort -committerdate
> git remote --verbose
> git config --get commit.template
> git show :api/login.php
> git ls-files --stage -- /opt/lampp/htdocs/ppdb/api/login.php
> git cat-file -s 6c37f4f9d5e9c0f2526f259bed49266bec2804bf
> git check-ignore -v -z --stdin
> git status -z -u
> git ls-files --stage -- /opt/lampp/htdocs/ppdb/api/login.php
> git symbolic-ref --short HEAD
> git cat-file -s 6c37f4f9d5e9c0f2526f259bed49266bec2804bf
> git rev-parse master
> git rev-parse --symbolic-full-name master@{u}
> git show :api/login.php
fatal: no upstream configured for branch 'master'
> git for-each-ref --format %(refname) %(objectname) --sort -committerdate
> git remote --verbose
> git config --get commit.template
